/home/azwefabless/.volare/volare/sky130/versions/42cd15c469adc1d303ffca4a7d32c29a4564a737/sky130A/libs.tech/klayout/drc/sky130A_mr.drc:55: warning: already initialized constant DRC::DRCEngine::FEOL
/home/azwefabless/.volare/volare/sky130/versions/42cd15c469adc1d303ffca4a7d32c29a4564a737/sky130A/libs.tech/klayout/drc/sky130A_mr.drc:44: warning: previous definition of FEOL was here
/home/azwefabless/.volare/volare/sky130/versions/42cd15c469adc1d303ffca4a7d32c29a4564a737/sky130A/libs.tech/klayout/drc/sky130A_mr.drc:61: warning: already initialized constant DRC::DRCEngine::BEOL
/home/azwefabless/.volare/volare/sky130/versions/42cd15c469adc1d303ffca4a7d32c29a4564a737/sky130A/libs.tech/klayout/drc/sky130A_mr.drc:45: warning: previous definition of BEOL was here
/home/azwefabless/.volare/volare/sky130/versions/42cd15c469adc1d303ffca4a7d32c29a4564a737/sky130A/libs.tech/klayout/drc/sky130A_mr.drc:65: warning: already initialized constant DRC::DRCEngine::OFFGRID
/home/azwefabless/.volare/volare/sky130/versions/42cd15c469adc1d303ffca4a7d32c29a4564a737/sky130A/libs.tech/klayout/drc/sky130A_mr.drc:46: warning: previous definition of OFFGRID was here
/home/azwefabless/.volare/volare/sky130/versions/42cd15c469adc1d303ffca4a7d32c29a4564a737/sky130A/libs.tech/klayout/drc/sky130A_mr.drc:73: warning: already initialized constant DRC::DRCEngine::SEAL
/home/azwefabless/.volare/volare/sky130/versions/42cd15c469adc1d303ffca4a7d32c29a4564a737/sky130A/libs.tech/klayout/drc/sky130A_mr.drc:47: warning: previous definition of SEAL was here
/home/azwefabless/.volare/volare/sky130/versions/42cd15c469adc1d303ffca4a7d32c29a4564a737/sky130A/libs.tech/klayout/drc/sky130A_mr.drc:79: warning: already initialized constant DRC::DRCEngine::FLOATING_MET
/home/azwefabless/.volare/volare/sky130/versions/42cd15c469adc1d303ffca4a7d32c29a4564a737/sky130A/libs.tech/klayout/drc/sky130A_mr.drc:48: warning: previous definition of FLOATING_MET was here
/home/azwefabless/.volare/volare/sky130/versions/42cd15c469adc1d303ffca4a7d32c29a4564a737/sky130A/libs.tech/klayout/drc/sky130A_mr.drc:85: warning: already initialized constant DRC::DRCEngine::SRAM_EXCLUDE
/home/azwefabless/.volare/volare/sky130/versions/42cd15c469adc1d303ffca4a7d32c29a4564a737/sky130A/libs.tech/klayout/drc/sky130A_mr.drc:49: warning: previous definition of SRAM_EXCLUDE was here
"_input" in: _drc_engine.rb:1373
Elapsed: 0.010s
"_input" in: _drc_engine.rb:1373
Elapsed: 0.010s
"_input" in: _drc_engine.rb:1373
Elapsed: 0.010s
"_input" in: _drc_engine.rb:1373
Elapsed: 0.010s
"_input" in: _drc_engine.rb:1373
Elapsed: 0.000s
"_input" in: _drc_engine.rb:1373
Elapsed: 0.010s
"_input" in: _drc_engine.rb:1373
Elapsed: 0.010s
"_input" in: _drc_engine.rb:1373
Elapsed: 0.010s
"_input" in: _drc_engine.rb:1373
Elapsed: 0.010s
"_input" in: _drc_engine.rb:1373
Elapsed: 0.010s
"_input" in: _drc_engine.rb:1373
Elapsed: 0.000s
"_input" in: _drc_engine.rb:1373
Elapsed: 0.010s
"_input" in: _drc_engine.rb:1373
Elapsed: 0.010s
"_input" in: _drc_engine.rb:1373
Elapsed: 0.010s
"_input" in: _drc_engine.rb:1373
Elapsed: 0.010s
"_input" in: _drc_engine.rb:1373
Elapsed: 0.010s
"_input" in: _drc_engine.rb:1373
Elapsed: 0.010s
"_input" in: _drc_engine.rb:1373
Elapsed: 0.010s
"_input" in: _drc_engine.rb:1373
Elapsed: 0.010s
"_input" in: _drc_engine.rb:1373
Elapsed: 0.010s
"_input" in: _drc_engine.rb:1373
Elapsed: 0.010s
"_input" in: _drc_engine.rb:1373
Elapsed: 0.010s
"_input" in: _drc_engine.rb:1373
Elapsed: 0.010s
"_input" in: _drc_engine.rb:1373
Elapsed: 0.010s
"_input" in: _drc_engine.rb:1373
Elapsed: 0.000s
"_input" in: _drc_engine.rb:1373
Elapsed: 0.010s
"_input" in: _drc_engine.rb:1373
Elapsed: 0.010s
"_input" in: _drc_engine.rb:1373
Elapsed: 0.010s
"_input" in: _drc_engine.rb:1373
Elapsed: 0.020s
"_input" in: _drc_engine.rb:1373
Elapsed: 0.010s
"_input" in: _drc_engine.rb:1373
Elapsed: 0.010s
"_input" in: _drc_engine.rb:1373
Elapsed: 0.000s
"_input" in: _drc_engine.rb:1373
Elapsed: 0.010s
"_input" in: _drc_engine.rb:1373
Elapsed: 0.010s
"_input" in: _drc_engine.rb:1373
Elapsed: 0.010s
"_input" in: _drc_engine.rb:1373
Elapsed: 0.010s
"_input" in: _drc_engine.rb:1373
Elapsed: 0.010s
"_input" in: _drc_engine.rb:1373
Elapsed: 0.010s
"_input" in: _drc_engine.rb:1373
Elapsed: 0.010s
"_input" in: _drc_engine.rb:1373
Elapsed: 0.000s
"_input" in: _drc_engine.rb:1373
Elapsed: 0.010s
"_input" in: _drc_engine.rb:1373
Elapsed: 0.010s
"_input" in: _drc_engine.rb:1373
Elapsed: 0.010s
"_input" in: _drc_engine.rb:1373
Elapsed: 0.010s
"_input" in: _drc_engine.rb:1373
Elapsed: 0.010s
"_input" in: _drc_engine.rb:1373
Elapsed: 0.000s
"_input" in: _drc_engine.rb:1373
Elapsed: 0.010s
"_input" in: _drc_engine.rb:1373
Elapsed: 0.010s
"_input" in: _drc_engine.rb:1373
Elapsed: 0.010s
"_input" in: _drc_engine.rb:1373
Elapsed: 0.010s
"_input" in: _drc_engine.rb:1373
Elapsed: 0.010s
"_input" in: _drc_engine.rb:1373
Elapsed: 0.000s
"_input" in: _drc_engine.rb:1373
Elapsed: 0.010s
"_input" in: _drc_engine.rb:1373
Elapsed: 0.010s
"_input" in: _drc_engine.rb:1373
Elapsed: 0.010s
"_input" in: _drc_engine.rb:1373
Elapsed: 0.010s
"_input" in: _drc_engine.rb:1373
Elapsed: 0.000s
"_input" in: _drc_engine.rb:1373
Elapsed: 0.010s
"_input" in: _drc_engine.rb:1373
Elapsed: 0.010s
"_input" in: _drc_engine.rb:1373
Elapsed: 0.010s
"_input" in: _drc_engine.rb:1373
Elapsed: 0.010s
"_input" in: _drc_engine.rb:1373
Elapsed: 0.010s
"_input" in: _drc_engine.rb:1373
Elapsed: 0.000s
"_input" in: _drc_engine.rb:1373
Elapsed: 0.010s
"_input" in: _drc_engine.rb:1373
Elapsed: 0.010s
"_input" in: _drc_engine.rb:1373
Elapsed: 0.010s
"_input" in: _drc_engine.rb:1373
Elapsed: 0.010s
"_input" in: _drc_engine.rb:1373
Elapsed: 0.010s
"_input" in: _drc_engine.rb:1373
Elapsed: 0.000s
"_input" in: _drc_engine.rb:1373
Elapsed: 0.010s
"_input" in: _drc_engine.rb:1373
Elapsed: 0.010s
"_input" in: _drc_engine.rb:1373
Elapsed: 0.010s
"_input" in: _drc_engine.rb:1373
Elapsed: 0.010s
"_input" in: _drc_engine.rb:1373
Elapsed: 0.000s
"_input" in: _drc_engine.rb:1373
Elapsed: 0.010s
"_input" in: _drc_engine.rb:1373
Elapsed: 0.010s
"_input" in: _drc_engine.rb:1373
Elapsed: 0.010s
"_input" in: _drc_engine.rb:1373
Elapsed: 0.010s
"_input" in: _drc_engine.rb:1373
Elapsed: 0.010s
"_input" in: _drc_engine.rb:1373
Elapsed: 0.000s
"_input" in: _drc_engine.rb:1373
Elapsed: 0.010s
"_input" in: _drc_engine.rb:1373
Elapsed: 0.010s
"_input" in: _drc_engine.rb:1373
Elapsed: 0.010s
"_input" in: _drc_engine.rb:1373
Elapsed: 0.010s
"_input" in: _drc_engine.rb:1373
Elapsed: 0.010s
"_input" in: _drc_engine.rb:1373
Elapsed: 0.000s
"_input" in: _drc_engine.rb:1373
Elapsed: 0.010s
"_input" in: _drc_engine.rb:1373
Elapsed: 0.010s
DRC section
OFFGRID-ANGLES section
"grid_check" in: _drc_engine.rb:1414
Elapsed: 0.010s
"_output" in: _drc_engine.rb:1479
Elapsed: 0.010s
"with_angle" in: _drc_engine.rb:1414
Elapsed: 0.010s
"_output" in: _drc_engine.rb:1479
Elapsed: 0.010s
"grid_check" in: _drc_engine.rb:1414
Elapsed: 0.010s
"_output" in: _drc_engine.rb:1479
Elapsed: 0.000s
"with_angle" in: _drc_engine.rb:1414
Elapsed: 0.010s
"_output" in: _drc_engine.rb:1479
Elapsed: 0.010s
"grid_check" in: _drc_engine.rb:1414
Elapsed: 0.010s
"_output" in: _drc_engine.rb:1479
Elapsed: 0.010s
"with_angle" in: _drc_engine.rb:1414
Elapsed: 0.010s
"_output" in: _drc_engine.rb:1479
Elapsed: 0.010s
"grid_check" in: _drc_engine.rb:1414
Elapsed: 0.010s
"_output" in: _drc_engine.rb:1479
Elapsed: 0.010s
"with_angle" in: _drc_engine.rb:1414
Elapsed: 0.010s
"_output" in: _drc_engine.rb:1479
Elapsed: 0.000s
"grid_check" in: _drc_engine.rb:1414
Elapsed: 0.010s
"_output" in: _drc_engine.rb:1479
Elapsed: 0.010s
"with_angle" in: _drc_engine.rb:1414
Elapsed: 0.010s
"_output" in: _drc_engine.rb:1479
Elapsed: 0.010s
"grid_check" in: _drc_engine.rb:1414
Elapsed: 0.010s
"_output" in: _drc_engine.rb:1479
Elapsed: 0.000s
"with_angle" in: _drc_engine.rb:1414
Elapsed: 0.010s
"_output" in: _drc_engine.rb:1479
Elapsed: 0.010s
"grid_check" in: _drc_engine.rb:1414
Elapsed: 0.010s
"_output" in: _drc_engine.rb:1479
Elapsed: 0.010s
"with_angle" in: _drc_engine.rb:1414
Elapsed: 0.010s
"_output" in: _drc_engine.rb:1479
Elapsed: 0.010s
"grid_check" in: _drc_engine.rb:1414
Elapsed: 0.010s
"_output" in: _drc_engine.rb:1479
Elapsed: 0.010s
"with_angle" in: _drc_engine.rb:1414
Elapsed: 0.010s
"_output" in: _drc_engine.rb:1479
Elapsed: 0.000s
"grid_check" in: _drc_engine.rb:1414
Elapsed: 0.010s
"_output" in: _drc_engine.rb:1479
Elapsed: 0.010s
"grid_check" in: _drc_engine.rb:1414
Elapsed: 0.010s
"_output" in: _drc_engine.rb:1479
Elapsed: 0.010s
"&" in: _drc_engine.rb:1414
Elapsed: 0.010s
"-" in: _drc_engine.rb:1414
Elapsed: 0.010s
"with_angle" in: _drc_engine.rb:1414
Elapsed: 0.000s
"_output" in: _drc_engine.rb:1479
Elapsed: 0.010s
"&" in: _drc_engine.rb:1414
Elapsed: 0.010s
"&" in: _drc_engine.rb:1414
Elapsed: 0.010s
"with_angle" in: _drc_engine.rb:1414
Elapsed: 0.010s
"_output" in: _drc_engine.rb:1479
Elapsed: 0.010s
"&" in: _drc_engine.rb:1414
Elapsed: 0.010s
"-" in: _drc_engine.rb:1414
Elapsed: 0.000s
"with_angle" in: _drc_engine.rb:1414
Elapsed: 0.010s
"_output" in: _drc_engine.rb:1479
Elapsed: 0.010s
"&" in: _drc_engine.rb:1414
Elapsed: 0.010s
"&" in: _drc_engine.rb:1414
Elapsed: 0.010s
"with_angle" in: _drc_engine.rb:1414
Elapsed: 0.010s
"_output" in: _drc_engine.rb:1479
Elapsed: 0.000s
"grid_check" in: _drc_engine.rb:1414
Elapsed: 0.000s
"_output" in: _drc_engine.rb:1479
Elapsed: 0.010s
"with_angle" in: _drc_engine.rb:1414
Elapsed: 0.010s
"_output" in: _drc_engine.rb:1479
Elapsed: 0.010s
"grid_check" in: _drc_engine.rb:1414
Elapsed: 0.010s
"_output" in: _drc_engine.rb:1479
Elapsed: 0.010s
"with_angle" in: _drc_engine.rb:1414
Elapsed: 0.010s
"_output" in: _drc_engine.rb:1479
Elapsed: 0.000s
"grid_check" in: _drc_engine.rb:1414
Elapsed: 0.010s
"_output" in: _drc_engine.rb:1479
Elapsed: 0.010s
"with_angle" in: _drc_engine.rb:1414
Elapsed: 0.010s
"_output" in: _drc_engine.rb:1479
Elapsed: 0.010s
"grid_check" in: _drc_engine.rb:1414
Elapsed: 0.010s
"_output" in: _drc_engine.rb:1479
Elapsed: 0.010s
"with_angle" in: _drc_engine.rb:1414
Elapsed: 0.000s
"_output" in: _drc_engine.rb:1479
Elapsed: 0.010s
"grid_check" in: _drc_engine.rb:1414
Elapsed: 0.010s
"_output" in: _drc_engine.rb:1479
Elapsed: 0.010s
"with_angle" in: _drc_engine.rb:1414
Elapsed: 0.010s
"_output" in: _drc_engine.rb:1479
Elapsed: 0.010s
"grid_check" in: _drc_engine.rb:1414
Elapsed: 0.010s
"_output" in: _drc_engine.rb:1479
Elapsed: 0.010s
"with_angle" in: _drc_engine.rb:1414
Elapsed: 0.000s
"_output" in: _drc_engine.rb:1479
Elapsed: 0.010s
"grid_check" in: _drc_engine.rb:1414
Elapsed: 0.030s
"_output" in: _drc_engine.rb:1479
Elapsed: 0.010s
"with_angle" in: _drc_engine.rb:1414
Elapsed: 0.010s
"_output" in: _drc_engine.rb:1479
Elapsed: 0.010s
"grid_check" in: _drc_engine.rb:1414
Elapsed: 0.010s
"_output" in: _drc_engine.rb:1479
Elapsed: 0.010s
"with_angle" in: _drc_engine.rb:1414
Elapsed: 0.010s
"_output" in: _drc_engine.rb:1479
Elapsed: 0.010s
"grid_check" in: _drc_engine.rb:1414
Elapsed: 0.020s
"_output" in: _drc_engine.rb:1479
Elapsed: 0.010s
"with_angle" in: _drc_engine.rb:1414
Elapsed: 0.010s
"_output" in: _drc_engine.rb:1479
Elapsed: 0.010s
"grid_check" in: _drc_engine.rb:1414
Elapsed: 0.010s
"_output" in: _drc_engine.rb:1479
Elapsed: 0.010s
"with_angle" in: _drc_engine.rb:1414
Elapsed: 0.010s
"_output" in: _drc_engine.rb:1479
Elapsed: 0.000s
"grid_check" in: _drc_engine.rb:1414
Elapsed: 0.020s
"_output" in: _drc_engine.rb:1479
Elapsed: 0.010s
"with_angle" in: _drc_engine.rb:1414
Elapsed: 0.010s
"_output" in: _drc_engine.rb:1479
Elapsed: 0.010s
"grid_check" in: _drc_engine.rb:1414
Elapsed: 0.010s
"_output" in: _drc_engine.rb:1479
Elapsed: 0.010s
"with_angle" in: _drc_engine.rb:1414
Elapsed: 0.010s
"_output" in: _drc_engine.rb:1479
Elapsed: 0.010s
"grid_check" in: _drc_engine.rb:1414
Elapsed: 0.010s
"_output" in: _drc_engine.rb:1479
Elapsed: 0.010s
"with_angle" in: _drc_engine.rb:1414
Elapsed: 0.010s
"_output" in: _drc_engine.rb:1479
Elapsed: 0.010s
"grid_check" in: _drc_engine.rb:1414
Elapsed: 0.010s
"_output" in: _drc_engine.rb:1479
Elapsed: 0.010s
"with_angle" in: _drc_engine.rb:1414
Elapsed: 0.000s
"_output" in: _drc_engine.rb:1479
Elapsed: 0.010s
"grid_check" in: _drc_engine.rb:1414
Elapsed: 0.010s
"_output" in: _drc_engine.rb:1479
Elapsed: 0.010s
"with_angle" in: _drc_engine.rb:1414
Elapsed: 0.010s
"_output" in: _drc_engine.rb:1479
Elapsed: 0.010s
"grid_check" in: _drc_engine.rb:1414
Elapsed: 0.110s
"_output" in: _drc_engine.rb:1479
Elapsed: 0.010s
"with_angle" in: _drc_engine.rb:1414
Elapsed: 0.010s
"_output" in: _drc_engine.rb:1479
Elapsed: 0.010s
"grid_check" in: _drc_engine.rb:1414
Elapsed: 0.010s
"_output" in: _drc_engine.rb:1479
Elapsed: 0.010s
"with_angle" in: _drc_engine.rb:1414
Elapsed: 0.010s
"_output" in: _drc_engine.rb:1479
Elapsed: 0.010s
"grid_check" in: _drc_engine.rb:1414
Elapsed: 0.010s
"_output" in: _drc_engine.rb:1479
Elapsed: 0.000s
"with_angle" in: _drc_engine.rb:1414
Elapsed: 0.010s
"_output" in: _drc_engine.rb:1479
Elapsed: 0.010s
"grid_check" in: _drc_engine.rb:1414
Elapsed: 0.020s
"_output" in: _drc_engine.rb:1479
Elapsed: 0.010s
"with_angle" in: _drc_engine.rb:1414
Elapsed: 0.000s
"_output" in: _drc_engine.rb:1479
Elapsed: 0.010s
"grid_check" in: _drc_engine.rb:1414
Elapsed: 0.010s
"_output" in: _drc_engine.rb:1479
Elapsed: 0.010s
"with_angle" in: _drc_engine.rb:1414
Elapsed: 0.010s
"_output" in: _drc_engine.rb:1479
Elapsed: 0.010s
"grid_check" in: _drc_engine.rb:1414
Elapsed: 0.010s
"_output" in: _drc_engine.rb:1479
Elapsed: 0.000s
"with_angle" in: _drc_engine.rb:1414
Elapsed: 0.020s
"_output" in: _drc_engine.rb:1479
Elapsed: 0.010s
"grid_check" in: _drc_engine.rb:1414
Elapsed: 0.010s
"_output" in: _drc_engine.rb:1479
Elapsed: 0.010s
"with_angle" in: _drc_engine.rb:1414
Elapsed: 0.010s
"_output" in: _drc_engine.rb:1479
Elapsed: 0.000s
"grid_check" in: _drc_engine.rb:1414
Elapsed: 0.020s
"_output" in: _drc_engine.rb:1479
Elapsed: 0.000s
"with_angle" in: _drc_engine.rb:1414
Elapsed: 0.010s
"_output" in: _drc_engine.rb:1479
Elapsed: 0.010s
"grid_check" in: _drc_engine.rb:1414
Elapsed: 0.010s
"_output" in: _drc_engine.rb:1479
Elapsed: 0.010s
"with_angle" in: _drc_engine.rb:1414
Elapsed: 0.010s
"_output" in: _drc_engine.rb:1479
Elapsed: 0.010s
"grid_check" in: _drc_engine.rb:1414
Elapsed: 0.000s
"_output" in: _drc_engine.rb:1479
Elapsed: 0.010s
"with_angle" in: _drc_engine.rb:1414
Elapsed: 0.010s
"_output" in: _drc_engine.rb:1479
Elapsed: 0.010s
"grid_check" in: _drc_engine.rb:1414
Elapsed: 0.010s
"_output" in: _drc_engine.rb:1479
Elapsed: 0.010s
"with_angle" in: _drc_engine.rb:1414
Elapsed: 0.000s
"_output" in: _drc_engine.rb:1479
Elapsed: 0.010s
"grid_check" in: _drc_engine.rb:1414
Elapsed: 0.010s
"_output" in: _drc_engine.rb:1479
Elapsed: 0.010s
"with_angle" in: _drc_engine.rb:1414
Elapsed: 0.010s
"_output" in: _drc_engine.rb:1479
Elapsed: 0.010s
"grid_check" in: _drc_engine.rb:1414
Elapsed: 0.000s
"_output" in: _drc_engine.rb:1479
Elapsed: 0.010s
Writing report database: /home/azwefabless/cheetah_v3_analog/dependencies/sky130_sw_ip__bgrref_por/drc/reports/sky130_sw_ip__bgrref_por/klayout_offgrid_check.xml ..
Total run time: 2.370s
 
Cell exclusion list:
   rule    | cell
   nwell.6 | sky130_fd_io__gpiov2_amux, sky130_fd_io__simple_pad_and_busses, sram
   nsd.1   | sram
   nsd.2   | sram
   psd.1   | sram
   psd.2   | sram
 
release 2024.2.11_01.09
