/home/azwefabless/.volare/volare/sky130/versions/42cd15c469adc1d303ffca4a7d32c29a4564a737/sky130A/libs.tech/klayout/drc/sky130A_mr.drc:53: warning: already initialized constant DRC::DRCEngine::FEOL
/home/azwefabless/.volare/volare/sky130/versions/42cd15c469adc1d303ffca4a7d32c29a4564a737/sky130A/libs.tech/klayout/drc/sky130A_mr.drc:44: warning: previous definition of FEOL was here
/home/azwefabless/.volare/volare/sky130/versions/42cd15c469adc1d303ffca4a7d32c29a4564a737/sky130A/libs.tech/klayout/drc/sky130A_mr.drc:61: warning: already initialized constant DRC::DRCEngine::BEOL
/home/azwefabless/.volare/volare/sky130/versions/42cd15c469adc1d303ffca4a7d32c29a4564a737/sky130A/libs.tech/klayout/drc/sky130A_mr.drc:45: warning: previous definition of BEOL was here
/home/azwefabless/.volare/volare/sky130/versions/42cd15c469adc1d303ffca4a7d32c29a4564a737/sky130A/libs.tech/klayout/drc/sky130A_mr.drc:67: warning: already initialized constant DRC::DRCEngine::OFFGRID
/home/azwefabless/.volare/volare/sky130/versions/42cd15c469adc1d303ffca4a7d32c29a4564a737/sky130A/libs.tech/klayout/drc/sky130A_mr.drc:46: warning: previous definition of OFFGRID was here
/home/azwefabless/.volare/volare/sky130/versions/42cd15c469adc1d303ffca4a7d32c29a4564a737/sky130A/libs.tech/klayout/drc/sky130A_mr.drc:73: warning: already initialized constant DRC::DRCEngine::SEAL
/home/azwefabless/.volare/volare/sky130/versions/42cd15c469adc1d303ffca4a7d32c29a4564a737/sky130A/libs.tech/klayout/drc/sky130A_mr.drc:47: warning: previous definition of SEAL was here
/home/azwefabless/.volare/volare/sky130/versions/42cd15c469adc1d303ffca4a7d32c29a4564a737/sky130A/libs.tech/klayout/drc/sky130A_mr.drc:79: warning: already initialized constant DRC::DRCEngine::FLOATING_MET
/home/azwefabless/.volare/volare/sky130/versions/42cd15c469adc1d303ffca4a7d32c29a4564a737/sky130A/libs.tech/klayout/drc/sky130A_mr.drc:48: warning: previous definition of FLOATING_MET was here
/home/azwefabless/.volare/volare/sky130/versions/42cd15c469adc1d303ffca4a7d32c29a4564a737/sky130A/libs.tech/klayout/drc/sky130A_mr.drc:85: warning: already initialized constant DRC::DRCEngine::SRAM_EXCLUDE
/home/azwefabless/.volare/volare/sky130/versions/42cd15c469adc1d303ffca4a7d32c29a4564a737/sky130A/libs.tech/klayout/drc/sky130A_mr.drc:49: warning: previous definition of SRAM_EXCLUDE was here
"_input" in: _drc_engine.rb:1373
Elapsed: 0.010s
"_input" in: _drc_engine.rb:1373
Elapsed: 0.010s
"_input" in: _drc_engine.rb:1373
Elapsed: 0.010s
"_input" in: _drc_engine.rb:1373
Elapsed: 0.010s
"_input" in: _drc_engine.rb:1373
Elapsed: 0.010s
"_input" in: _drc_engine.rb:1373
Elapsed: 0.010s
"_input" in: _drc_engine.rb:1373
Elapsed: 0.000s
"_input" in: _drc_engine.rb:1373
Elapsed: 0.010s
"_input" in: _drc_engine.rb:1373
Elapsed: 0.010s
"_input" in: _drc_engine.rb:1373
Elapsed: 0.010s
"_input" in: _drc_engine.rb:1373
Elapsed: 0.010s
"_input" in: _drc_engine.rb:1373
Elapsed: 0.000s
"_input" in: _drc_engine.rb:1373
Elapsed: 0.010s
"_input" in: _drc_engine.rb:1373
Elapsed: 0.010s
"_input" in: _drc_engine.rb:1373
Elapsed: 0.010s
"_input" in: _drc_engine.rb:1373
Elapsed: 0.010s
"_input" in: _drc_engine.rb:1373
Elapsed: 0.010s
"_input" in: _drc_engine.rb:1373
Elapsed: 0.000s
"_input" in: _drc_engine.rb:1373
Elapsed: 0.010s
"_input" in: _drc_engine.rb:1373
Elapsed: 0.010s
"_input" in: _drc_engine.rb:1373
Elapsed: 0.010s
"_input" in: _drc_engine.rb:1373
Elapsed: 0.010s
"_input" in: _drc_engine.rb:1373
Elapsed: 0.010s
"_input" in: _drc_engine.rb:1373
Elapsed: 0.010s
"_input" in: _drc_engine.rb:1373
Elapsed: 0.010s
"_input" in: _drc_engine.rb:1373
Elapsed: 0.010s
"_input" in: _drc_engine.rb:1373
Elapsed: 0.000s
"_input" in: _drc_engine.rb:1373
Elapsed: 0.010s
"_input" in: _drc_engine.rb:1373
Elapsed: 0.020s
"_input" in: _drc_engine.rb:1373
Elapsed: 0.010s
"_input" in: _drc_engine.rb:1373
Elapsed: 0.010s
"_input" in: _drc_engine.rb:1373
Elapsed: 0.000s
"_input" in: _drc_engine.rb:1373
Elapsed: 0.010s
"_input" in: _drc_engine.rb:1373
Elapsed: 0.010s
"_input" in: _drc_engine.rb:1373
Elapsed: 0.010s
"_input" in: _drc_engine.rb:1373
Elapsed: 0.010s
"_input" in: _drc_engine.rb:1373
Elapsed: 0.000s
"_input" in: _drc_engine.rb:1373
Elapsed: 0.010s
"_input" in: _drc_engine.rb:1373
Elapsed: 0.010s
"_input" in: _drc_engine.rb:1373
Elapsed: 0.010s
"_input" in: _drc_engine.rb:1373
Elapsed: 0.010s
"_input" in: _drc_engine.rb:1373
Elapsed: 0.000s
"_input" in: _drc_engine.rb:1373
Elapsed: 0.010s
"_input" in: _drc_engine.rb:1373
Elapsed: 0.010s
"_input" in: _drc_engine.rb:1373
Elapsed: 0.010s
"_input" in: _drc_engine.rb:1373
Elapsed: 0.010s
"_input" in: _drc_engine.rb:1373
Elapsed: 0.000s
"_input" in: _drc_engine.rb:1373
Elapsed: 0.010s
"_input" in: _drc_engine.rb:1373
Elapsed: 0.010s
"_input" in: _drc_engine.rb:1373
Elapsed: 0.010s
"_input" in: _drc_engine.rb:1373
Elapsed: 0.010s
"_input" in: _drc_engine.rb:1373
Elapsed: 0.010s
"_input" in: _drc_engine.rb:1373
Elapsed: 0.000s
"_input" in: _drc_engine.rb:1373
Elapsed: 0.010s
"_input" in: _drc_engine.rb:1373
Elapsed: 0.010s
"_input" in: _drc_engine.rb:1373
Elapsed: 0.010s
"_input" in: _drc_engine.rb:1373
Elapsed: 0.010s
"_input" in: _drc_engine.rb:1373
Elapsed: 0.010s
"_input" in: _drc_engine.rb:1373
Elapsed: 0.000s
"_input" in: _drc_engine.rb:1373
Elapsed: 0.010s
"_input" in: _drc_engine.rb:1373
Elapsed: 0.010s
"_input" in: _drc_engine.rb:1373
Elapsed: 0.010s
"_input" in: _drc_engine.rb:1373
Elapsed: 0.010s
"_input" in: _drc_engine.rb:1373
Elapsed: 0.000s
"_input" in: _drc_engine.rb:1373
Elapsed: 0.010s
"_input" in: _drc_engine.rb:1373
Elapsed: 0.010s
"_input" in: _drc_engine.rb:1373
Elapsed: 0.010s
"_input" in: _drc_engine.rb:1373
Elapsed: 0.010s
"_input" in: _drc_engine.rb:1373
Elapsed: 0.000s
"_input" in: _drc_engine.rb:1373
Elapsed: 0.010s
"_input" in: _drc_engine.rb:1373
Elapsed: 0.010s
"_input" in: _drc_engine.rb:1373
Elapsed: 0.010s
"_input" in: _drc_engine.rb:1373
Elapsed: 0.010s
"_input" in: _drc_engine.rb:1373
Elapsed: 0.010s
"_input" in: _drc_engine.rb:1373
Elapsed: 0.000s
"_input" in: _drc_engine.rb:1373
Elapsed: 0.010s
"_input" in: _drc_engine.rb:1373
Elapsed: 0.010s
"_input" in: _drc_engine.rb:1373
Elapsed: 0.010s
"_input" in: _drc_engine.rb:1373
Elapsed: 0.010s
"_input" in: _drc_engine.rb:1373
Elapsed: 0.000s
"_input" in: _drc_engine.rb:1373
Elapsed: 0.010s
"_input" in: _drc_engine.rb:1373
Elapsed: 0.010s
"_input" in: _drc_engine.rb:1373
Elapsed: 0.010s
"_input" in: _drc_engine.rb:1373
Elapsed: 0.010s
"_input" in: _drc_engine.rb:1373
Elapsed: 0.000s
"_input" in: _drc_engine.rb:1373
Elapsed: 0.010s
"_input" in: _drc_engine.rb:1373
Elapsed: 0.010s
"_input" in: _drc_engine.rb:1373
Elapsed: 0.010s
DRC section
FEOL section
START: 64/18 (dnwell)
"width_check" in: _drc_engine.rb:1414
Elapsed: 0.010s
"_output" in: _drc_engine.rb:1479
Elapsed: 0.010s
"|" in: _drc_engine.rb:1414
Elapsed: 0.010s
"-" in: _drc_engine.rb:1414
Elapsed: 0.010s
"space_check" in: _drc_engine.rb:1414
Elapsed: 0.010s
"_output" in: _drc_engine.rb:1479
Elapsed: 0.010s
END: 64/18 (dnwell)
"_input" in: _drc_engine.rb:1373
Elapsed: 0.010s
"_input" in: _drc_engine.rb:1373
Elapsed: 0.010s
"_input" in: _drc_engine.rb:1373
Elapsed: 0.000s
"_input" in: _drc_engine.rb:1373
Elapsed: 0.010s
START: 64/20 (nwell)
"width_check" in: _drc_engine.rb:1414
Elapsed: 0.010s
"_output" in: _drc_engine.rb:1479
Elapsed: 0.010s
"space_check" in: _drc_engine.rb:1414
Elapsed: 0.010s
"_output" in: _drc_engine.rb:1479
Elapsed: 0.010s
"&" in: _drc_engine.rb:1414
Elapsed: 0.020s
"merge" in: _drc_engine.rb:1414
Elapsed: 0.010s
"holes" in: _drc_engine.rb:1414
Elapsed: 0.010s
"enclosing_check" in: _drc_engine.rb:1414
Elapsed: 0.010s
"_output" in: _drc_engine.rb:1479
Elapsed: 0.010s
"|" in: _drc_engine.rb:1414
Elapsed: 0.000s
"|" in: _drc_engine.rb:1414
Elapsed: 0.010s
"|" in: _drc_engine.rb:1414
Elapsed: 0.010s
"&" in: _drc_engine.rb:1414
Elapsed: 0.020s
"interacting" in: _drc_engine.rb:1414
Elapsed: 0.010s
"-" in: _drc_engine.rb:1414
Elapsed: 0.020s
"_output" in: _drc_engine.rb:1479
Elapsed: 0.000s
END: 64/20 (nwell)
START: 78/44 (hvtp)
"width_check" in: _drc_engine.rb:1414
Elapsed: 0.010s
"_output" in: _drc_engine.rb:1479
Elapsed: 0.010s
"space_check" in: _drc_engine.rb:1414
Elapsed: 0.010s
"_output" in: _drc_engine.rb:1479
Elapsed: 0.010s
END: 78/44 (hvtp)
START: 124/20 (pwde)
"width_check" in: _drc_engine.rb:1414
Elapsed: 0.010s
"_output" in: _drc_engine.rb:1479
Elapsed: 0.010s
"|" in: _drc_engine.rb:1414
Elapsed: 0.010s
"&" in: _drc_engine.rb:1414
Elapsed: 0.000s
"space_check" in: _drc_engine.rb:1414
Elapsed: 0.020s
"_output" in: _drc_engine.rb:1479
Elapsed: 0.000s
END: 124/20 (pwde)
START: 18/20 (htvr)
"width_check" in: _drc_engine.rb:1414
Elapsed: 0.010s
"_output" in: _drc_engine.rb:1479
Elapsed: 0.010s
"separation_check" in: _drc_engine.rb:1414
Elapsed: 0.010s
"_output" in: _drc_engine.rb:1479
Elapsed: 0.010s
"&" in: _drc_engine.rb:1414
Elapsed: 0.010s
"_output" in: _drc_engine.rb:1479
Elapsed: 0.010s
END: 18/20 (htvr)
START: 25/44 (lvtn)
"width_check" in: _drc_engine.rb:1414
Elapsed: 0.010s
"_output" in: _drc_engine.rb:1479
Elapsed: 0.010s
"space_check" in: _drc_engine.rb:1414
Elapsed: 0.010s
"_output" in: _drc_engine.rb:1479
Elapsed: 0.010s
END: 25/44 (lvtn)
START: 92/44 (ncm)
"width_check" in: _drc_engine.rb:1414
Elapsed: 0.010s
"_output" in: _drc_engine.rb:1479
Elapsed: 0.000s
"space_check" in: _drc_engine.rb:1414
Elapsed: 0.020s
"_output" in: _drc_engine.rb:1479
Elapsed: 0.010s
END: 92/44 (ncm)
START: 65/20 (diff)
"|" in: _drc_engine.rb:1414
Elapsed: 0.010s
"rectangles" in: _drc_engine.rb:1414
Elapsed: 0.010s
"width_check" in: _drc_engine.rb:1414
Elapsed: 0.000s
"polygons" in: _drc_engine.rb:1373
Elapsed: 0.010s
"edges" in: _drc_engine.rb:1414
Elapsed: 0.010s
"outside_part" in: _drc_engine.rb:1414
Elapsed: 0.010s
"outside" in: _drc_engine.rb:1414
Elapsed: 0.020s
"edges" in: _drc_engine.rb:1414
Elapsed: 0.010s
"-" in: _drc_engine.rb:1414
Elapsed: 0.000s
"_output" in: _drc_engine.rb:1479
Elapsed: 0.010s
"outside" in: _drc_engine.rb:1414
Elapsed: 0.020s
"width_check" in: _drc_engine.rb:1414
Elapsed: 0.010s
"_output" in: _drc_engine.rb:1479
Elapsed: 0.000s
"inside" in: _drc_engine.rb:1414
Elapsed: 0.010s
"width_check" in: _drc_engine.rb:1414
Elapsed: 0.010s
"_output" in: _drc_engine.rb:1479
Elapsed: 0.010s
END: 65/20 (diff)
START: 65/44 (tap)
"rectangles" in: _drc_engine.rb:1414
Elapsed: 0.010s
"width_check" in: _drc_engine.rb:1414
Elapsed: 0.010s
"polygons" in: _drc_engine.rb:1373
Elapsed: 0.010s
"edges" in: _drc_engine.rb:1414
Elapsed: 0.010s
"outside_part" in: _drc_engine.rb:1414
Elapsed: 0.010s
"outside" in: _drc_engine.rb:1414
Elapsed: 0.010s
"edges" in: _drc_engine.rb:1414
Elapsed: 0.010s
"-" in: _drc_engine.rb:1414
Elapsed: 0.000s
"_output" in: _drc_engine.rb:1479
Elapsed: 0.010s
"-" in: _drc_engine.rb:1414
Elapsed: 0.010s
"width_check" in: _drc_engine.rb:1414
Elapsed: 0.010s
"_output" in: _drc_engine.rb:1479
Elapsed: 0.010s
END: 65/44 (tap)
"space_check" in: _drc_engine.rb:1414
Elapsed: 0.010s
"_output" in: _drc_engine.rb:1479
Elapsed: 0.010s
START: 80/20 (tunm)
"width_check" in: _drc_engine.rb:1414
Elapsed: 0.000s
"_output" in: _drc_engine.rb:1479
Elapsed: 0.010s
"space_check" in: _drc_engine.rb:1414
Elapsed: 0.010s
"_output" in: _drc_engine.rb:1479
Elapsed: 0.010s
END: 80/20 (tunm)
START: 80/20 (thkox)
"-" in: _drc_engine.rb:1414
Elapsed: 0.010s
"width_check" in: _drc_engine.rb:1414
Elapsed: 0.010s
"_output" in: _drc_engine.rb:1479
Elapsed: 0.010s
"space_check" in: _drc_engine.rb:1414
Elapsed: 0.010s
"_output" in: _drc_engine.rb:1479
Elapsed: 0.010s
END: 80/20 (thkox)
START: 66/20 (poly)
"width_check" in: _drc_engine.rb:1414
Elapsed: 0.010s
"_output" in: _drc_engine.rb:1479
Elapsed: 0.010s
"-" in: _drc_engine.rb:1414
Elapsed: 0.010s
"space_check" in: _drc_engine.rb:1414
Elapsed: 0.010s
"_output" in: _drc_engine.rb:1479
Elapsed: 0.010s
"inside" in: _drc_engine.rb:1414
Elapsed: 0.020s
ERROR: In /home/azwefabless/.volare/volare/sky130/versions/42cd15c469adc1d303ffca4a7d32c29a4564a737/sky130A/libs.tech/klayout/drc/sky130A_mr.drc: undefined method `width' for #<DRC::DRCMetrics:0x0000562069af91c0 @value=3>
Writing report database: /home/azwefabless/cheetah_v3_analog/dependencies/sky130_sw_ip__bgrref_por/drc/reports/sky130_sw_ip__bgrref_por/klayout_feol_check.xml ..
ERROR: undefined method `width' for #<DRC::DRCMetrics:0x0000562069af91c0 @value=3> in MacroInterpreter::execute
  /home/azwefabless/.volare/volare/sky130/versions/42cd15c469adc1d303ffca4a7d32c29a4564a737/sky130A/libs.tech/klayout/drc/sky130A_mr.drc:346:in `execute_drc'
  :/built-in-macros/drc_interpreters.lym:18:in `instance_eval'
  :/built-in-macros/drc_interpreters.lym:18:in `execute_drc'
  :/built-in-macros/drc_interpreters.lym:92:in `execute'
